<?xml version="1.0" encoding="utf-8"?><testsuites><testsuite name="pytest" errors="1" failures="0" skipped="0" tests="1" time="0.094" timestamp="2024-04-11T11:04:47.938296" hostname="john.burke-JJ34GQ4T4N"><testcase classname="redis_enterprise" name="" time="0.000"><error message="collection failure">/Library/Frameworks/Python.framework/Versions/3.10/lib/python3.10/site-packages/_pytest/config/__init__.py:641: in _importconftest
    mod = import_path(conftestpath, mode=importmode, root=rootpath)
/Library/Frameworks/Python.framework/Versions/3.10/lib/python3.10/site-packages/_pytest/pathlib.py:590: in import_path
    raise ImportPathMismatchError(module_name, module_file, path)
E   _pytest.pathlib.ImportPathMismatchError: ('tests.conftest', '/Users/john.burke/dd/integrations-extras/aqua/tests/conftest.py', PosixPath('/Users/john.burke/dd/integrations-extras/aws_pricing/tests/conftest.py'))</error></testcase></testsuite></testsuites>