<?xml version="1.0" encoding="utf-8"?><testsuites><testsuite name="pytest" errors="0" failures="0" skipped="0" tests="0" time="0.170" timestamp="2024-04-11T11:54:05.011619" hostname="john.burke-JJ34GQ4T4N" /></testsuites>